0 info it worked if it ends with ok
1 verbose cli [ '/usr/bin/nodejs',
1 verbose cli   '/usr/bin/npm',
1 verbose cli   'install',
1 verbose cli   'hubot-slack',
1 verbose cli   '--save' ]
2 info using npm@1.3.10
3 info using node@v0.10.25
4 verbose readDependencies using package.json deps
5 verbose cache add [ 'hubot-slack', null ]
6 verbose cache add name=undefined spec="hubot-slack" args=["hubot-slack",null]
7 verbose parsed url { protocol: null,
7 verbose parsed url   slashes: null,
7 verbose parsed url   auth: null,
7 verbose parsed url   host: null,
7 verbose parsed url   port: null,
7 verbose parsed url   hostname: null,
7 verbose parsed url   hash: null,
7 verbose parsed url   search: null,
7 verbose parsed url   query: null,
7 verbose parsed url   pathname: 'hubot-slack',
7 verbose parsed url   path: 'hubot-slack',
7 verbose parsed url   href: 'hubot-slack' }
8 silly lockFile c86792ac-hubot-slack hubot-slack
9 verbose lock hubot-slack /home/matt/.npm/c86792ac-hubot-slack.lock
10 silly lockFile c86792ac-hubot-slack hubot-slack
11 silly lockFile c86792ac-hubot-slack hubot-slack
12 verbose addNamed [ 'hubot-slack', '' ]
13 verbose addNamed [ null, '*' ]
14 silly lockFile 47d9ca2f-hubot-slack hubot-slack@
15 verbose lock hubot-slack@ /home/matt/.npm/47d9ca2f-hubot-slack.lock
16 silly addNameRange { name: 'hubot-slack', range: '*', hasData: false }
17 verbose url raw hubot-slack
18 verbose url resolving [ 'https://registry.npmjs.org/', './hubot-slack' ]
19 verbose url resolved https://registry.npmjs.org/hubot-slack
20 info trying registry request attempt 1 at 23:53:22
21 verbose etag "5824ff3e-f68f"
22 http GET https://registry.npmjs.org/hubot-slack
23 http 304 https://registry.npmjs.org/hubot-slack
24 silly registry.get cb [ 304,
24 silly registry.get   { date: 'Wed, 16 Nov 2016 07:47:46 GMT',
24 silly registry.get     via: '1.1 varnish',
24 silly registry.get     'cache-control': 'max-age=300',
24 silly registry.get     etag: '"5824ff3e-f68f"',
24 silly registry.get     age: '199',
24 silly registry.get     connection: 'keep-alive',
24 silly registry.get     'x-served-by': 'cache-sjc3642-SJC',
24 silly registry.get     'x-cache': 'HIT',
24 silly registry.get     'x-cache-hits': '1',
24 silly registry.get     'x-timer': 'S1479282466.965352,VS0,VE0',
24 silly registry.get     vary: 'Accept-Encoding' } ]
25 verbose etag hubot-slack from cache
26 silly addNameRange number 2 { name: 'hubot-slack', range: '*', hasData: true }
27 silly addNameRange versions [ 'hubot-slack',
27 silly addNameRange   [ '1.0.0',
27 silly addNameRange     '1.0.1',
27 silly addNameRange     '1.1.0',
27 silly addNameRange     '1.2.0',
27 silly addNameRange     '1.2.1',
27 silly addNameRange     '1.2.2',
27 silly addNameRange     '1.2.3',
27 silly addNameRange     '1.3.0',
27 silly addNameRange     '1.5.0',
27 silly addNameRange     '1.5.1',
27 silly addNameRange     '1.5.2',
27 silly addNameRange     '1.5.3',
27 silly addNameRange     '2.0.0',
27 silly addNameRange     '2.0.1',
27 silly addNameRange     '2.0.2',
27 silly addNameRange     '2.0.3',
27 silly addNameRange     '2.0.4',
27 silly addNameRange     '2.1.0',
27 silly addNameRange     '2.1.1',
27 silly addNameRange     '2.1.2',
27 silly addNameRange     '2.1.3',
27 silly addNameRange     '2.2.0',
27 silly addNameRange     '3.0.0',
27 silly addNameRange     '3.1.0',
27 silly addNameRange     '3.2.0',
27 silly addNameRange     '3.2.1',
27 silly addNameRange     '3.3.0',
27 silly addNameRange     '3.4.0',
27 silly addNameRange     '3.4.1',
27 silly addNameRange     '3.4.2',
27 silly addNameRange     '4.0.0',
27 silly addNameRange     '4.0.1',
27 silly addNameRange     '4.0.2',
27 silly addNameRange     '4.0.3',
27 silly addNameRange     '4.0.4',
27 silly addNameRange     '4.0.5',
27 silly addNameRange     '4.1.0',
27 silly addNameRange     '4.2.1',
27 silly addNameRange     '4.2.2' ] ]
28 verbose addNamed [ 'hubot-slack', '4.2.2' ]
29 verbose addNamed [ '4.2.2', '4.2.2' ]
30 silly lockFile 5ef3a282-hubot-slack-4-2-2 hubot-slack@4.2.2
31 verbose lock hubot-slack@4.2.2 /home/matt/.npm/5ef3a282-hubot-slack-4-2-2.lock
32 silly lockFile 5ef3a282-hubot-slack-4-2-2 hubot-slack@4.2.2
33 silly lockFile 5ef3a282-hubot-slack-4-2-2 hubot-slack@4.2.2
34 silly lockFile 47d9ca2f-hubot-slack hubot-slack@
35 silly lockFile 47d9ca2f-hubot-slack hubot-slack@
36 silly resolved [ { name: 'hubot-slack',
36 silly resolved     version: '4.2.2',
36 silly resolved     description: 'A Slack adapter for hubot',
36 silly resolved     main: './slack',
36 silly resolved     scripts:
36 silly resolved      { test: 'npm run mocha && istanbul report text-summary lcov',
36 silly resolved        codecov: 'codecov',
36 silly resolved        mocha: 'mocha --compilers coffee:coffee-script/register  --require coffee-coverage/register-istanbul --reporter spec test' },
36 silly resolved     keywords: [ 'hubot', 'tinyspeck', 'adapter', 'slack' ],
36 silly resolved     author: { name: 'Slack Technologies, Inc.' },
36 silly resolved     license: 'MIT',
36 silly resolved     repository:
36 silly resolved      { type: 'git',
36 silly resolved        url: 'http://github.com/slackapi/hubot-slack.git' },
36 silly resolved     bugs: { url: 'https://github.com/slackapi/hubot-slack/issues' },
36 silly resolved     dependencies: { '@slack/client': '^3.4.0', lodash: '^3.10.1' },
36 silly resolved     devDependencies:
36 silly resolved      { 'coffee-coverage': '~1.0.1',
36 silly resolved        'coffee-script': '~1.7.1',
36 silly resolved        codecov: '~1.0.1',
36 silly resolved        grunt: '~0.4.1',
36 silly resolved        'grunt-cli': '^0.1.13',
36 silly resolved        'grunt-contrib-watch': '~0.5.3',
36 silly resolved        'grunt-release': '~0.6.0',
36 silly resolved        'grunt-shell': '~0.5.0',
36 silly resolved        hubot: '~2.19',
36 silly resolved        istanbul: '^0.4.3',
36 silly resolved        mocha: '~1.13.0',
36 silly resolved        should: '~2.0.2' },
36 silly resolved     engines: { node: '>= 0.10.x', npm: '>= 1.1.x' },
36 silly resolved     contributors:
36 silly resolved      [ [Object],
36 silly resolved        [Object],
36 silly resolved        [Object],
36 silly resolved        [Object],
36 silly resolved        [Object],
36 silly resolved        [Object],
36 silly resolved        [Object],
36 silly resolved        [Object] ],
36 silly resolved     readme: '# hubot-slack\n\nThis is a [Hubot](http://hubot.github.com/) adapter to use with [Slack](https://slack.com).\n\n[![Travis branch](https://img.shields.io/travis/slackapi/hubot-slack/master.svg?maxAge=2592000)](https://travis-ci.org/slackapi/hubot-slack)\n[![codecov](https://codecov.io/gh/slackapi/hubot-slack/branch/master/graph/badge.svg)](https://codecov.io/gh/slackapi/hubot-slack)\n[![npm (scoped)](https://img.shields.io/npm/v/hubot-slack.svg?maxAge=2592000)](https://www.npmjs.com/package/hubot-slack)\n\nComprehensive documentation [is available](https://slackapi.github.io/hubot-slack).\n',
36 silly resolved     readmeFilename: 'README.md',
36 silly resolved     _id: 'hubot-slack@4.2.2',
36 silly resolved     _from: 'hubot-slack@' } ]
37 info install hubot-slack@4.2.2 into /home/matt/Desktop/projects/jsd5/code/myhubot
38 info installOne hubot-slack@4.2.2
39 info /home/matt/Desktop/projects/jsd5/code/myhubot/node_modules/hubot-slack unbuild
40 info preuninstall hubot-slack@4.2.2
41 info uninstall hubot-slack@4.2.2
42 verbose true,/home/matt/Desktop/projects/jsd5/code/myhubot/node_modules,/home/matt/Desktop/projects/jsd5/code/myhubot/node_modules unbuild hubot-slack@4.2.2
43 info postuninstall hubot-slack@4.2.2
44 verbose tar unpack /home/matt/.npm/hubot-slack/4.2.2/package.tgz
45 silly lockFile 6c0c8b88-myhubot-node-modules-hubot-slack tar:///home/matt/Desktop/projects/jsd5/code/myhubot/node_modules/hubot-slack
46 verbose lock tar:///home/matt/Desktop/projects/jsd5/code/myhubot/node_modules/hubot-slack /home/matt/.npm/6c0c8b88-myhubot-node-modules-hubot-slack.lock
47 silly lockFile 75473348-pm-hubot-slack-4-2-2-package-tgz tar:///home/matt/.npm/hubot-slack/4.2.2/package.tgz
48 verbose lock tar:///home/matt/.npm/hubot-slack/4.2.2/package.tgz /home/matt/.npm/75473348-pm-hubot-slack-4-2-2-package-tgz.lock
49 silly gunzTarPerm modes [ '755', '644' ]
50 silly gunzTarPerm extractEntry package.json
51 silly gunzTarPerm extractEntry .npmignore
52 silly gunzTarPerm extractEntry README.md
53 silly gunzTarPerm extractEntry LICENSE
54 silly gunzTarPerm extractEntry codecov.yml
55 silly gunzTarPerm extractEntry ISSUE_TEMPLATE.md
56 silly gunzTarPerm extractEntry CODE_OF_CONDUCT.md
57 silly gunzTarPerm extractEntry PULL_REQUEST_TEMPLATE.md
58 silly gunzTarPerm extractEntry .travis.yml
59 silly gunzTarPerm extractEntry CONTRIBUTING.md
60 silly gunzTarPerm extractEntry contributing_header_slack.png
61 silly gunzTarPerm extractEntry docs/Gemfile
62 silly gunzTarPerm extractEntry docs/Gemfile.lock
63 silly gunzTarPerm extractEntry docs/_config.yml
64 silly gunzTarPerm extractEntry docs/_includes/head.html
65 silly gunzTarPerm extractEntry docs/_includes/page_header.html
66 silly gunzTarPerm extractEntry docs/_includes/side_nav.html
67 silly gunzTarPerm extractEntry docs/_layouts/changelog.html
68 silly gunzTarPerm extractEntry docs/_layouts/default.html
69 silly gunzTarPerm extractEntry docs/_layouts/page.html
70 silly gunzTarPerm extractEntry docs/_pages/FAQ.md
71 silly gunzTarPerm extractEntry docs/_pages/about.md
72 silly gunzTarPerm extractEntry docs/_pages/auth.md
73 silly gunzTarPerm extractEntry docs/_pages/basic_usage.md
74 silly gunzTarPerm extractEntry docs/_pages/changelog.html
75 silly gunzTarPerm extractEntry docs/_posts/2016-07-15-v4.0.0.md
76 silly gunzTarPerm extractEntry docs/_posts/2016-07-19-v4.0.1.md
77 silly gunzTarPerm extractEntry docs/_posts/2016-08-03-v4.0.2.md
78 silly gunzTarPerm extractEntry docs/_posts/2016-09-12-v4.0.3.md
79 silly gunzTarPerm extractEntry docs/_posts/2016-09-12-v4.0.4.md
80 silly gunzTarPerm extractEntry docs/_posts/2016-09-14-v4.0.5.md
81 silly gunzTarPerm extractEntry docs/_posts/2016-09-21-v4.1.0.md
82 silly gunzTarPerm extractEntry docs/_posts/2016-10-12-v4.2.0.md
83 silly gunzTarPerm extractEntry docs/_posts/2016-10-12-v4.2.1.md
84 silly gunzTarPerm extractEntry docs/_posts/2016-11-05-v4.2.2.md
85 silly gunzTarPerm extractEntry docs/index.md
86 silly gunzTarPerm extractEntry CHANGELOG.md
87 silly gunzTarPerm extractEntry slack.coffee
88 silly gunzTarPerm extractEntry src/bot.coffee
89 silly gunzTarPerm extractEntry src/client.coffee
90 silly gunzTarPerm extractEntry src/formatter.coffee
91 silly gunzTarPerm extractEntry src/reaction-message.coffee
92 silly gunzTarPerm extractEntry test/bot.coffee
93 silly gunzTarPerm extractEntry test/client.coffee
94 silly gunzTarPerm extractEntry test/formatter.coffee
95 silly gunzTarPerm extractEntry test/stubs.coffee
96 silly lockFile 6c0c8b88-myhubot-node-modules-hubot-slack tar:///home/matt/Desktop/projects/jsd5/code/myhubot/node_modules/hubot-slack
97 silly lockFile 6c0c8b88-myhubot-node-modules-hubot-slack tar:///home/matt/Desktop/projects/jsd5/code/myhubot/node_modules/hubot-slack
98 silly lockFile 75473348-pm-hubot-slack-4-2-2-package-tgz tar:///home/matt/.npm/hubot-slack/4.2.2/package.tgz
99 silly lockFile 75473348-pm-hubot-slack-4-2-2-package-tgz tar:///home/matt/.npm/hubot-slack/4.2.2/package.tgz
100 info preinstall hubot-slack@4.2.2
101 verbose readDependencies using package.json deps
102 verbose readDependencies using package.json deps
103 verbose cache add [ '@slack/client@^3.4.0', null ]
104 verbose cache add name=undefined spec="@slack/client@^3.4.0" args=["@slack/client@^3.4.0",null]
105 verbose parsed url { protocol: null,
105 verbose parsed url   slashes: null,
105 verbose parsed url   auth: null,
105 verbose parsed url   host: null,
105 verbose parsed url   port: null,
105 verbose parsed url   hostname: null,
105 verbose parsed url   hash: null,
105 verbose parsed url   search: null,
105 verbose parsed url   query: null,
105 verbose parsed url   pathname: '@slack/client@^3.4.0',
105 verbose parsed url   path: '@slack/client@^3.4.0',
105 verbose parsed url   href: '@slack/client@^3.4.0' }
106 verbose cache add name="" spec="slack/client@^3.4.0" args=["","slack/client@^3.4.0"]
107 verbose parsed url { protocol: null,
107 verbose parsed url   slashes: null,
107 verbose parsed url   auth: null,
107 verbose parsed url   host: null,
107 verbose parsed url   port: null,
107 verbose parsed url   hostname: null,
107 verbose parsed url   hash: null,
107 verbose parsed url   search: null,
107 verbose parsed url   query: null,
107 verbose parsed url   pathname: 'slack/client@^3.4.0',
107 verbose parsed url   path: 'slack/client@^3.4.0',
107 verbose parsed url   href: 'slack/client@^3.4.0' }
108 verbose cache add name="slack/client" spec="^3.4.0" args=["slack/client","^3.4.0"]
109 verbose parsed url { protocol: null,
109 verbose parsed url   slashes: null,
109 verbose parsed url   auth: null,
109 verbose parsed url   host: null,
109 verbose parsed url   port: null,
109 verbose parsed url   hostname: null,
109 verbose parsed url   hash: null,
109 verbose parsed url   search: null,
109 verbose parsed url   query: null,
109 verbose parsed url   pathname: '^3.4.0',
109 verbose parsed url   path: '^3.4.0',
109 verbose parsed url   href: '^3.4.0' }
110 verbose addNamed [ 'slack/client', '^3.4.0' ]
111 verbose addNamed [ null, '>=3.4.0-0 <4.0.0-0' ]
112 silly lockFile a316c908-slack-client-3-4-0 slack/client@^3.4.0
113 verbose lock slack/client@^3.4.0 /home/matt/.npm/a316c908-slack-client-3-4-0.lock
114 verbose cache add [ 'lodash@^3.10.1', null ]
115 verbose cache add name=undefined spec="lodash@^3.10.1" args=["lodash@^3.10.1",null]
116 verbose parsed url { protocol: null,
116 verbose parsed url   slashes: null,
116 verbose parsed url   auth: null,
116 verbose parsed url   host: null,
116 verbose parsed url   port: null,
116 verbose parsed url   hostname: null,
116 verbose parsed url   hash: null,
116 verbose parsed url   search: null,
116 verbose parsed url   query: null,
116 verbose parsed url   pathname: 'lodash@^3.10.1',
116 verbose parsed url   path: 'lodash@^3.10.1',
116 verbose parsed url   href: 'lodash@^3.10.1' }
117 verbose cache add name="lodash" spec="^3.10.1" args=["lodash","^3.10.1"]
118 verbose parsed url { protocol: null,
118 verbose parsed url   slashes: null,
118 verbose parsed url   auth: null,
118 verbose parsed url   host: null,
118 verbose parsed url   port: null,
118 verbose parsed url   hostname: null,
118 verbose parsed url   hash: null,
118 verbose parsed url   search: null,
118 verbose parsed url   query: null,
118 verbose parsed url   pathname: '^3.10.1',
118 verbose parsed url   path: '^3.10.1',
118 verbose parsed url   href: '^3.10.1' }
119 verbose addNamed [ 'lodash', '^3.10.1' ]
120 verbose addNamed [ null, '>=3.10.1-0 <4.0.0-0' ]
121 silly lockFile 878fcc15-lodash-3-10-1 lodash@^3.10.1
122 verbose lock lodash@^3.10.1 /home/matt/.npm/878fcc15-lodash-3-10-1.lock
123 silly addNameRange { name: 'lodash', range: '>=3.10.1-0 <4.0.0-0', hasData: false }
124 silly addNameRange { name: 'slack/client',
124 silly addNameRange   range: '>=3.4.0-0 <4.0.0-0',
124 silly addNameRange   hasData: false }
125 verbose url raw lodash
126 verbose url resolving [ 'https://registry.npmjs.org/', './lodash' ]
127 verbose url resolved https://registry.npmjs.org/lodash
128 info trying registry request attempt 1 at 23:53:22
129 verbose etag "582c0905-27f6b"
130 http GET https://registry.npmjs.org/lodash
131 verbose url raw slack/client
132 verbose url resolving [ 'https://registry.npmjs.org/', './slack/client' ]
133 verbose url resolved https://registry.npmjs.org/slack/client
134 info trying registry request attempt 1 at 23:53:22
135 http GET https://registry.npmjs.org/slack/client
136 http 304 https://registry.npmjs.org/lodash
137 silly registry.get cb [ 304,
137 silly registry.get   { date: 'Wed, 16 Nov 2016 07:47:47 GMT',
137 silly registry.get     via: '1.1 varnish',
137 silly registry.get     'cache-control': 'max-age=300',
137 silly registry.get     etag: '"582c0905-27f6b"',
137 silly registry.get     age: '197',
137 silly registry.get     connection: 'keep-alive',
137 silly registry.get     'x-served-by': 'cache-sjc3127-SJC',
137 silly registry.get     'x-cache': 'HIT',
137 silly registry.get     'x-cache-hits': '1',
137 silly registry.get     'x-timer': 'S1479282467.420869,VS0,VE0',
137 silly registry.get     vary: 'Accept-Encoding' } ]
138 verbose etag lodash from cache
139 silly addNameRange number 2 { name: 'lodash', range: '>=3.10.1-0 <4.0.0-0', hasData: true }
140 silly addNameRange versions [ 'lodash',
140 silly addNameRange   [ '0.1.0',
140 silly addNameRange     '0.2.0',
140 silly addNameRange     '0.2.1',
140 silly addNameRange     '0.2.2',
140 silly addNameRange     '0.3.0',
140 silly addNameRange     '0.3.1',
140 silly addNameRange     '0.3.2',
140 silly addNameRange     '0.4.0',
140 silly addNameRange     '0.4.1',
140 silly addNameRange     '0.4.2',
140 silly addNameRange     '0.5.0-rc.1',
140 silly addNameRange     '0.5.0',
140 silly addNameRange     '0.5.1',
140 silly addNameRange     '0.5.2',
140 silly addNameRange     '0.6.0',
140 silly addNameRange     '0.6.1',
140 silly addNameRange     '0.7.0',
140 silly addNameRange     '0.8.0',
140 silly addNameRange     '0.8.1',
140 silly addNameRange     '0.8.2',
140 silly addNameRange     '0.9.0',
140 silly addNameRange     '0.9.1',
140 silly addNameRange     '0.9.2',
140 silly addNameRange     '0.10.0',
140 silly addNameRange     '1.0.0-rc.1',
140 silly addNameRange     '1.0.0-rc.2',
140 silly addNameRange     '1.0.0-rc.3',
140 silly addNameRange     '1.0.0',
140 silly addNameRange     '1.0.1',
140 silly addNameRange     '1.1.0',
140 silly addNameRange     '1.1.1',
140 silly addNameRange     '1.2.0',
140 silly addNameRange     '1.2.1',
140 silly addNameRange     '1.3.0',
140 silly addNameRange     '1.3.1',
140 silly addNameRange     '2.0.0',
140 silly addNameRange     '2.1.0',
140 silly addNameRange     '2.2.0',
140 silly addNameRange     '2.2.1',
140 silly addNameRange     '2.3.0',
140 silly addNameRange     '2.4.0',
140 silly addNameRange     '2.4.1',
140 silly addNameRange     '3.0.0',
140 silly addNameRange     '3.0.1',
140 silly addNameRange     '3.1.0',
140 silly addNameRange     '3.2.0',
140 silly addNameRange     '3.3.0',
140 silly addNameRange     '3.3.1',
140 silly addNameRange     '3.4.0',
140 silly addNameRange     '3.5.0',
140 silly addNameRange     '3.6.0',
140 silly addNameRange     '1.0.2',
140 silly addNameRange     '3.7.0',
140 silly addNameRange     '2.4.2',
140 silly addNameRange     '3.8.0',
140 silly addNameRange     '3.9.0',
140 silly addNameRange     '3.9.1',
140 silly addNameRange     '3.9.2',
140 silly addNameRange     '3.9.3',
140 silly addNameRange     '3.10.0',
140 silly addNameRange     '3.10.1',
140 silly addNameRange     '4.0.0',
140 silly addNameRange     '4.0.1',
140 silly addNameRange     '4.1.0',
140 silly addNameRange     '4.2.0',
140 silly addNameRange     '4.2.1',
140 silly addNameRange     '4.3.0',
140 silly addNameRange     '4.4.0',
140 silly addNameRange     '4.5.0',
140 silly addNameRange     '4.5.1',
140 silly addNameRange     '4.6.0',
140 silly addNameRange     '4.6.1',
140 silly addNameRange     '4.7.0',
140 silly addNameRange     '4.8.0',
140 silly addNameRange     '4.8.1',
140 silly addNameRange     '4.8.2',
140 silly addNameRange     '4.9.0',
140 silly addNameRange     '4.10.0',
140 silly addNameRange     '4.11.0',
140 silly addNameRange     '4.11.1',
140 silly addNameRange     '4.11.2',
140 silly addNameRange     '4.12.0',
140 silly addNameRange     '4.13.0',
140 silly addNameRange     '4.13.1',
140 silly addNameRange     '4.14.0',
140 silly addNameRange     '4.14.1',
140 silly addNameRange     '4.14.2',
140 silly addNameRange     '4.15.0',
140 silly addNameRange     '4.16.0',
140 silly addNameRange     '4.16.1',
140 silly addNameRange     '4.16.2',
140 silly addNameRange     '4.16.3',
140 silly addNameRange     '4.16.4',
140 silly addNameRange     '4.16.5',
140 silly addNameRange     '4.16.6',
140 silly addNameRange     '4.17.0',
140 silly addNameRange     '4.17.1',
140 silly addNameRange     '4.17.2' ] ]
141 verbose addNamed [ 'lodash', '3.10.1' ]
142 verbose addNamed [ '3.10.1', '3.10.1' ]
143 silly lockFile 8e3ad7e2-lodash-3-10-1 lodash@3.10.1
144 verbose lock lodash@3.10.1 /home/matt/.npm/8e3ad7e2-lodash-3-10-1.lock
145 silly lockFile 8e3ad7e2-lodash-3-10-1 lodash@3.10.1
146 silly lockFile 8e3ad7e2-lodash-3-10-1 lodash@3.10.1
147 silly lockFile 878fcc15-lodash-3-10-1 lodash@^3.10.1
148 silly lockFile 878fcc15-lodash-3-10-1 lodash@^3.10.1
149 http 404 https://registry.npmjs.org/slack/client
150 silly registry.get cb [ 404,
150 silly registry.get   { 'content-type': 'application/json',
150 silly registry.get     'cache-control': 'max-age=0',
150 silly registry.get     'content-length': '2',
150 silly registry.get     'accept-ranges': 'bytes',
150 silly registry.get     date: 'Wed, 16 Nov 2016 07:47:47 GMT',
150 silly registry.get     via: '1.1 varnish',
150 silly registry.get     age: '0',
150 silly registry.get     connection: 'keep-alive',
150 silly registry.get     'x-served-by': 'cache-sjc3625-SJC',
150 silly registry.get     'x-cache': 'MISS',
150 silly registry.get     'x-cache-hits': '0',
150 silly registry.get     'x-timer': 'S1479282467.447491,VS0,VE114',
150 silly registry.get     vary: 'Accept-Encoding' } ]
151 silly addNameRange number 2 { name: 'slack/client',
151 silly addNameRange   range: '>=3.4.0-0 <4.0.0-0',
151 silly addNameRange   hasData: true }
152 silly addNameRange versions [ undefined, [] ]
153 error TypeError: Cannot read property 'latest' of undefined
153 error     at next (/usr/share/npm/lib/cache.js:687:35)
153 error     at /usr/share/npm/lib/cache.js:675:5
153 error     at saved (/usr/share/npm/node_modules/npm-registry-client/lib/get.js:142:7)
153 error     at /usr/lib/nodejs/graceful-fs/polyfills.js:133:7
153 error     at Object.oncomplete (fs.js:107:15)
154 error If you need help, you may report this log at:
154 error     <http://github.com/isaacs/npm/issues>
154 error or email it to:
154 error     <npm-@googlegroups.com>
155 error System Linux 3.19.0-32-generic
156 error command "/usr/bin/nodejs" "/usr/bin/npm" "install" "hubot-slack" "--save"
157 error cwd /home/matt/Desktop/projects/jsd5/code/myhubot
158 error node -v v0.10.25
159 error npm -v 1.3.10
160 error type non_object_property_load
161 verbose exit [ 1, true ]
